[16252:14280:2023-2-1 20:22:51.513] Main Start
[16252:14280:2023-2-1 20:22:51.513] Command line:"C:\Users\DELL\Desktop\task1\src\assets\Zoom_cm_fo42mnktZ9vvrZo4_m8jhSTG4TQffs1nau72X90d09zNO1HlU2dP2h@6wJ+CkgP6xN9llcx_k225e9ecc08f549cb_.exe"  /normal.priviledge Instance:0xC70000 Show State:1
[16252:14280:2023-2-1 20:22:51.640] C:\
[16252:7712:2023-2-1 20:22:51.640] [process_requst] start, url:https://us05web.zoom.us/conf/launch
[16252:7712:2023-2-1 20:22:52.527] [req_state_read_status_code] zHttpQueryInfo complete, status:200
[16252:7712:2023-2-1 20:22:52.527] [req_state_read_status_code] zHttpQueryInfo complete, status:200 Error: 0
[16252:7712:2023-2-1 20:22:52.527] [read_response_content] API call zHttpQueryInfo failed, error: 12150
[16252:7712:2023-2-1 20:22:52.527] [log_response_content] Content length (1048576 as unknown):1048576 , Total read: 1667 , Error No: 0 , Status code: 200
[16252:7712:2023-2-1 20:22:52.527] [log_response_content] header:
[16252:7712:2023-2-1 20:22:52.527] HTTP/1.1 200 OK
Date: Wed, 01 Feb 2023 15:22:52 GMT
Content-Type: text/plain;charset=utf-8
Transfer-Encoding: chunked
Connection: keep-alive
x-zm-trackingid: v=2.0;clid=us05;rid=WEB_b0d9868fd7d0e918bea5e4fc7028a7f3
x-content-type-options: nosniff
content-security-policy: upgrade-insecure-requests; default-src https://*.zoom.us https://zoom.us blob: 'self'; img-src https: about: blob: data: 'self'; style-src https: safari-extension: chrome-extension: 'unsafe-inline' data: 'self'; font-src https: safari-extension: chrome-extension: blob: data: 'self'; connect-src * about: blob: data: 'self'; media-src * rtmp: blob: data: 'self'; frame-src https: ms-appx-web: zoommtg: zoomus: wvjbscheme: data: blob: 'self'; object-src 'none'; base-uri 'none';
x-frame-options: SAMEORIGIN
set-cookie: zm_aid=""; Domain=.zoom.us; Expires=Thu, 01-Jan-1970 00:00:10 GMT; Path=/; Secure; HttpOnly
x-zm-zoneid: VA2
strict-transport-security: max-age=31536000; includeSubDomains
x-xss-protection: 1; mode=block
referrer-policy: strict-origin-when-cross-origin
CF-Cache-Status: DYNAMIC
Set-Cookie: zm_haid=""; Domain=.zoom.us; Expires=Thu, 01-Jan-1970 00:00:10 GMT; Path=/; Secure; HttpOnly
Set-Cookie: zm_tmaid=""; Domain=.zoom.us; Expires=Thu, 01-Jan-1970 00:00:10 GMT; Path=/; Secure; HttpOnly
Set-Cookie: zm_htmaid=""; Domain=.zoom.us; Expires=Thu, 01-Jan-1970 00:00:10 GMT; Path=/; Secure; HttpOnly
Set-Cookie: cred=5290D1FD1499F650A10811868B199706; Path=/; Secure; HttpOnly
Set-Cookie: _zm_page_auth=us05_c_mEV7UghFTNWQTZfY-_N0dA; Domain=.zoom.us; Path=/; Secure; HttpOnly
Set-Cookie: _zm_ssid=us05_c_X80R6aFJTtSdDqlFT5Enxw; Domain=.zoom.us; Path=/; Secure; HttpOnly
Set-Cookie: _zm_ctaid=TH2rjg6KTqGo0PUw4lIFLg.1675264972305.20c6b36d494781fa3915cb60a651583f; Domain=.zoom.us; Expires=Wed, 01-Feb-2023 17:22:52 GMT; Path=/; Secure; HttpOnly
Set-Cookie: _zm_chtaid=955; Domain=.zoom.us; Expires=Wed, 01-Feb-2023 17:22:52 GMT; Path=/; Secure; HttpOnly
Set-Cookie: _zm_mtk_guid=86cebed6a273462982a47bdc60e3b726; Domain=.zoom.us; Expires=Fri, 31-Jan-2025 15:22:52 GMT; Path=/; Secure
Set-Cookie: TS01f92dc5=01e2d6a4a19ce4bbd6d98e299bad3bacf36250aeff772c3bc86bd3d36d951516a3dcfd10785ac732a4e05973cf402bfec47cb530ee; Path=/; Secure; HttpOnly; SameSite=Strict;
Set-Cookie: TS018dd1ba=01e2d6a4a19ce4bbd6d98e299bad3bacf36250aeff772c3bc86bd3d36d951516a3dcfd10785ac732a4e05973cf402bfec47cb530ee; path=/; domain=.zoom.us
Set-Cookie: __cf_bm=SRW45xijSbm4ObgvFh4SPBxsfQxdbpAgvJnKjctfTs4-1675264972-0-AaEPbUYNICsyJT1h2oaFiTNoZLo4qmN6ARUfE7iXxybcbYAhjazBkznmHBe348BRqg7hpzg+s2ND/ZfZFOvzXyU=; path=/; expires=Wed, 01-Feb-23 15:52:52 GMT; domain=.us05web.zoom.us; HttpOnly; Secure; SameSite=None
Report-To: {"endpoints":[{"url":"https:\/\/a.nel.cloudflare.com\/report\/v3?s=idneN7OqlloC%2Fg%2BXcpOPj7vYdPzx7O2jAvsshQ9y4P9a%2BeK3Whw1TISfQv6sAHyJTau5L%2BhfqDuCsDbrAEqrhhkitp44kLBkfzNVLsJyC%2BEVFm5svwtsiM6vRpiE%2F9UgBA%3D%3D"}],"group":"cf-nel","max_age":604800}
NEL: {"success_fraction":0.01,"report_to":"cf-nel","max_age":604800}
Server: cloudflare
CF-RAY: 792baf5c2b8e7b2b-DME
alt-svc: h3=":443"; ma=86400, h3-29=":443"; ma=86400


[16252:7712:2023-2-1 20:22:52.527] [process_requst] End for url:https://us05web.zoom.us/conf/launch, return code:200, Error:0, Response content size:1667
[16252:14280:2023-2-1 20:22:52.572] [client_has_installed_app] found path:
[16252:14280:2023-2-1 20:22:52.572]  ***NULL-POINTER-PLACEHOLDER***
[16252:14280:2023-2-1 20:22:52.572] [param_query_local_path] path is: C:\Users\DELL\AppData\Roaming\Zoom\ZoomDownload\ dir create response : 1 system error: 1008
[16252:14280:2023-2-1 20:22:52.572] [downloader_run] State:0
[16252:16112:2023-2-1 20:22:52.587] [process_requst] start, url:https://us05web.zoom.us/client/latest/Installer.exe?archType=x64
[16252:14280:2023-2-1 20:22:52.587] [client_has_installed_app] found path:
[16252:14280:2023-2-1 20:22:52.587]  ***NULL-POINTER-PLACEHOLDER***
[16252:16112:2023-2-1 20:22:55.431] [req_state_read_status_code] zHttpQueryInfo complete, status:200
[16252:16112:2023-2-1 20:22:55.431] [req_state_read_status_code] zHttpQueryInfo complete, status:200 Error: 0
[16252:16112:2023-2-1 20:23:0.702] [read_response_file] Status Code:200, content length: 1001896, total read: 1001896, error code: 0
[16252:16112:2023-2-1 20:23:0.781] [process_requst] End for url:https://us05web.zoom.us/client/latest/Installer.exe?archType=x64, return code:200, Error:0, Response content size:0
[16252:14280:2023-2-1 20:23:0.845] [handle_download_job_done] Index: 1 Curr index: 1 StatusCode: 200 Error: 0 Response is Empty. 
[16252:16112:2023-2-1 20:23:0.891] [process_requst] start, url:https://us05web.zoom.us/client/latest/Zoom.msi?archType=x64
[16252:16112:2023-2-1 20:23:2.31] [req_state_read_status_code] zHttpQueryInfo complete, status:200
[16252:16112:2023-2-1 20:23:2.31] [req_state_read_status_code] zHttpQueryInfo complete, status:200 Error: 0
